<?xml version="1.0" encoding="UTF-8"?>
<testng-results ignored="0" total="0" passed="0" failed="0" skipped="0">
  <reporter-output>
  </reporter-output>
  <suite started-at="2023-03-24T19:39:50 EET" name="TestStudent" finished-at="2023-03-24T19:39:50 EET" duration-ms="47">
    <groups>
    </groups>
    <test started-at="2023-03-24T19:39:50 EET" name="Command line test" finished-at="2023-03-24T19:39:50 EET" duration-ms="47">
    </test> <!-- Command line test -->
  </suite> <!-- TestStudent -->
</testng-results>
